<?xml version="1.0" encoding="UTF-8"?>
<testng-results skipped="0" failed="2" total="15" passed="13">
  <reporter-output>
  </reporter-output>
  <suite name="My Test Suite" duration-ms="0" started-at="2016-05-01T13:30:56Z" finished-at="2016-05-01T13:30:56Z">
    <groups>
    </groups>
  </suite> <!-- My Test Suite -->
  <suite name="ShoeShop Suite" duration-ms="154613" started-at="2016-05-01T13:28:21Z" finished-at="2016-05-01T13:30:56Z">
    <groups>
    </groups>
    <test name="EmailSubscriptionTest" duration-ms="49599" started-at="2016-05-01T13:28:21Z" finished-at="2016-05-01T13:29:11Z">
      <class name="com.selenium.suite.shoeshop.EmailSubscriptionTest">
        <test-method status="PASS" signature="verifyTestCaseRunmode()[pri:0, instance:com.selenium.suite.shoeshop.EmailSubscriptionTest@6fffcba5]" name="verifyTestCaseRunmode" is-config="true" duration-ms="3" started-at="2016-05-01T09:28:21Z" finished-at="2016-05-01T09:28:21Z">
          <reporter-output>
          </reporter-output>
        </test-method> <!-- verifyTestCaseRunmode -->
        <test-method status="PASS" signature="testEmailSubscription(java.lang.String)[pri:0, instance:com.selenium.suite.shoeshop.EmailSubscriptionTest@6fffcba5]" name="testEmailSubscription" duration-ms="45313" started-at="2016-05-01T09:28:21Z" data-provider="getTestData" finished-at="2016-05-01T09:29:06Z">
          <params>
            <param index="0">
              <value>
                <![CDATA[bsandhya525@rediffmail.com]]>
              </value>
            </param>
          </params>
          <reporter-output>
          </reporter-output>
        </test-method> <!-- testEmailSubscription -->
        <test-method status="PASS" signature="updateDataSetStatus()[pri:0, instance:com.selenium.suite.shoeshop.EmailSubscriptionTest@6fffcba5]" name="updateDataSetStatus" is-config="true" duration-ms="832" started-at="2016-05-01T09:29:06Z" finished-at="2016-05-01T09:29:07Z">
          <reporter-output>
          </reporter-output>
        </test-method> <!-- updateDataSetStatus -->
        <test-method status="PASS" signature="testEmailSubscription(java.lang.String)[pri:0, instance:com.selenium.suite.shoeshop.EmailSubscriptionTest@6fffcba5]" name="testEmailSubscription" duration-ms="3189" started-at="2016-05-01T09:29:07Z" data-provider="getTestData" finished-at="2016-05-01T09:29:10Z">
          <params>
            <param index="0">
              <value>
                <![CDATA[bsandhya525@gmail.com]]>
              </value>
            </param>
          </params>
          <reporter-output>
          </reporter-output>
        </test-method> <!-- testEmailSubscription -->
        <test-method status="PASS" signature="updateDataSetStatus()[pri:0, instance:com.selenium.suite.shoeshop.EmailSubscriptionTest@6fffcba5]" name="updateDataSetStatus" is-config="true" duration-ms="97" started-at="2016-05-01T09:29:10Z" finished-at="2016-05-01T09:29:10Z">
          <reporter-output>
          </reporter-output>
        </test-method> <!-- updateDataSetStatus -->
        <test-method status="PASS" signature="updateTestStatus()[pri:0, instance:com.selenium.suite.shoeshop.EmailSubscriptionTest@6fffcba5]" name="updateTestStatus" is-config="true" duration-ms="150" started-at="2016-05-01T09:29:10Z" finished-at="2016-05-01T09:29:11Z">
          <reporter-output>
          </reporter-output>
        </test-method> <!-- updateTestStatus -->
      </class> <!-- com.selenium.suite.shoeshop.EmailSubscriptionTest -->
    </test> <!-- EmailSubscriptionTest -->
    <test name="MonthlyShoeDisplaysTest" duration-ms="104722" started-at="2016-05-01T13:29:11Z" finished-at="2016-05-01T13:30:56Z">
      <class name="com.selenium.suite.shoeshop.MonthlyShoeDisplaysTest">
        <test-method status="PASS" signature="verifyTestSuiteRunmode()[pri:0, instance:com.selenium.suite.shoeshop.MonthlyShoeDisplaysTest@16c0663d]" name="verifyTestSuiteRunmode" is-config="true" duration-ms="1427" started-at="2016-05-01T09:28:20Z" finished-at="2016-05-01T09:28:21Z">
          <reporter-output>
          </reporter-output>
        </test-method> <!-- verifyTestSuiteRunmode -->
        <test-method status="PASS" signature="verifyTestCaseRunmode()[pri:0, instance:com.selenium.suite.shoeshop.MonthlyShoeDisplaysTest@16c0663d]" name="verifyTestCaseRunmode" is-config="true" duration-ms="13" started-at="2016-05-01T09:29:11Z" finished-at="2016-05-01T09:29:11Z">
          <reporter-output>
          </reporter-output>
        </test-method> <!-- verifyTestCaseRunmode -->
        <test-method status="PASS" signature="testMontlyShoeDisplays(java.lang.String)[pri:0, instance:com.selenium.suite.shoeshop.MonthlyShoeDisplaysTest@16c0663d]" name="testMontlyShoeDisplays" duration-ms="27459" started-at="2016-05-01T09:29:11Z" data-provider="getTestData" finished-at="2016-05-01T09:29:38Z">
          <params>
            <param index="0">
              <value>
                <![CDATA[January]]>
              </value>
            </param>
          </params>
          <reporter-output>
          </reporter-output>
        </test-method> <!-- testMontlyShoeDisplays -->
        <test-method status="PASS" signature="updateDataSetStatus()[pri:0, instance:com.selenium.suite.shoeshop.MonthlyShoeDisplaysTest@16c0663d]" name="updateDataSetStatus" is-config="true" duration-ms="64" started-at="2016-05-01T09:29:38Z" finished-at="2016-05-01T09:29:38Z">
          <reporter-output>
          </reporter-output>
        </test-method> <!-- updateDataSetStatus -->
        <test-method status="PASS" signature="testMontlyShoeDisplays(java.lang.String)[pri:0, instance:com.selenium.suite.shoeshop.MonthlyShoeDisplaysTest@16c0663d]" name="testMontlyShoeDisplays" duration-ms="3977" started-at="2016-05-01T09:29:38Z" data-provider="getTestData" finished-at="2016-05-01T09:29:42Z">
          <params>
            <param index="0">
              <value>
                <![CDATA[February]]>
              </value>
            </param>
          </params>
          <reporter-output>
          </reporter-output>
        </test-method> <!-- testMontlyShoeDisplays -->
        <test-method status="PASS" signature="updateDataSetStatus()[pri:0, instance:com.selenium.suite.shoeshop.MonthlyShoeDisplaysTest@16c0663d]" name="updateDataSetStatus" is-config="true" duration-ms="141" started-at="2016-05-01T09:29:42Z" finished-at="2016-05-01T09:29:42Z">
          <reporter-output>
          </reporter-output>
        </test-method> <!-- updateDataSetStatus -->
        <test-method status="PASS" signature="testMontlyShoeDisplays(java.lang.String)[pri:0, instance:com.selenium.suite.shoeshop.MonthlyShoeDisplaysTest@16c0663d]" name="testMontlyShoeDisplays" duration-ms="4437" started-at="2016-05-01T09:29:42Z" data-provider="getTestData" finished-at="2016-05-01T09:29:47Z">
          <params>
            <param index="0">
              <value>
                <![CDATA[March]]>
              </value>
            </param>
          </params>
          <reporter-output>
          </reporter-output>
        </test-method> <!-- testMontlyShoeDisplays -->
        <test-method status="PASS" signature="updateDataSetStatus()[pri:0, instance:com.selenium.suite.shoeshop.MonthlyShoeDisplaysTest@16c0663d]" name="updateDataSetStatus" is-config="true" duration-ms="133" started-at="2016-05-01T09:29:47Z" finished-at="2016-05-01T09:29:47Z">
          <reporter-output>
          </reporter-output>
        </test-method> <!-- updateDataSetStatus -->
        <test-method status="PASS" signature="testMontlyShoeDisplays(java.lang.String)[pri:0, instance:com.selenium.suite.shoeshop.MonthlyShoeDisplaysTest@16c0663d]" name="testMontlyShoeDisplays" duration-ms="4638" started-at="2016-05-01T09:29:47Z" data-provider="getTestData" finished-at="2016-05-01T09:29:52Z">
          <params>
            <param index="0">
              <value>
                <![CDATA[April]]>
              </value>
            </param>
          </params>
          <reporter-output>
          </reporter-output>
        </test-method> <!-- testMontlyShoeDisplays -->
        <test-method status="PASS" signature="updateDataSetStatus()[pri:0, instance:com.selenium.suite.shoeshop.MonthlyShoeDisplaysTest@16c0663d]" name="updateDataSetStatus" is-config="true" duration-ms="129" started-at="2016-05-01T09:29:52Z" finished-at="2016-05-01T09:29:52Z">
          <reporter-output>
          </reporter-output>
        </test-method> <!-- updateDataSetStatus -->
        <test-method status="PASS" signature="testMontlyShoeDisplays(java.lang.String)[pri:0, instance:com.selenium.suite.shoeshop.MonthlyShoeDisplaysTest@16c0663d]" name="testMontlyShoeDisplays" duration-ms="3821" started-at="2016-05-01T09:29:52Z" data-provider="getTestData" finished-at="2016-05-01T09:29:56Z">
          <params>
            <param index="0">
              <value>
                <![CDATA[May]]>
              </value>
            </param>
          </params>
          <reporter-output>
          </reporter-output>
        </test-method> <!-- testMontlyShoeDisplays -->
        <test-method status="PASS" signature="updateDataSetStatus()[pri:0, instance:com.selenium.suite.shoeshop.MonthlyShoeDisplaysTest@16c0663d]" name="updateDataSetStatus" is-config="true" duration-ms="149" started-at="2016-05-01T09:29:56Z" finished-at="2016-05-01T09:29:56Z">
          <reporter-output>
          </reporter-output>
        </test-method> <!-- updateDataSetStatus -->
        <test-method status="PASS" signature="testMontlyShoeDisplays(java.lang.String)[pri:0, instance:com.selenium.suite.shoeshop.MonthlyShoeDisplaysTest@16c0663d]" name="testMontlyShoeDisplays" duration-ms="5262" started-at="2016-05-01T09:29:56Z" data-provider="getTestData" finished-at="2016-05-01T09:30:01Z">
          <params>
            <param index="0">
              <value>
                <![CDATA[June]]>
              </value>
            </param>
          </params>
          <reporter-output>
          </reporter-output>
        </test-method> <!-- testMontlyShoeDisplays -->
        <test-method status="PASS" signature="updateDataSetStatus()[pri:0, instance:com.selenium.suite.shoeshop.MonthlyShoeDisplaysTest@16c0663d]" name="updateDataSetStatus" is-config="true" duration-ms="98" started-at="2016-05-01T09:30:01Z" finished-at="2016-05-01T09:30:01Z">
          <reporter-output>
          </reporter-output>
        </test-method> <!-- updateDataSetStatus -->
        <test-method status="PASS" signature="testMontlyShoeDisplays(java.lang.String)[pri:0, instance:com.selenium.suite.shoeshop.MonthlyShoeDisplaysTest@16c0663d]" name="testMontlyShoeDisplays" duration-ms="4158" started-at="2016-05-01T09:30:01Z" data-provider="getTestData" finished-at="2016-05-01T09:30:05Z">
          <params>
            <param index="0">
              <value>
                <![CDATA[July]]>
              </value>
            </param>
          </params>
          <reporter-output>
          </reporter-output>
        </test-method> <!-- testMontlyShoeDisplays -->
        <test-method status="PASS" signature="updateDataSetStatus()[pri:0, instance:com.selenium.suite.shoeshop.MonthlyShoeDisplaysTest@16c0663d]" name="updateDataSetStatus" is-config="true" duration-ms="84" started-at="2016-05-01T09:30:05Z" finished-at="2016-05-01T09:30:05Z">
          <reporter-output>
          </reporter-output>
        </test-method> <!-- updateDataSetStatus -->
        <test-method status="PASS" signature="testMontlyShoeDisplays(java.lang.String)[pri:0, instance:com.selenium.suite.shoeshop.MonthlyShoeDisplaysTest@16c0663d]" name="testMontlyShoeDisplays" duration-ms="5030" started-at="2016-05-01T09:30:05Z" data-provider="getTestData" finished-at="2016-05-01T09:30:10Z">
          <params>
            <param index="0">
              <value>
                <![CDATA[August]]>
              </value>
            </param>
          </params>
          <reporter-output>
          </reporter-output>
        </test-method> <!-- testMontlyShoeDisplays -->
        <test-method status="PASS" signature="updateDataSetStatus()[pri:0, instance:com.selenium.suite.shoeshop.MonthlyShoeDisplaysTest@16c0663d]" name="updateDataSetStatus" is-config="true" duration-ms="85" started-at="2016-05-01T09:30:10Z" finished-at="2016-05-01T09:30:11Z">
          <reporter-output>
          </reporter-output>
        </test-method> <!-- updateDataSetStatus -->
        <test-method status="PASS" signature="testMontlyShoeDisplays(java.lang.String)[pri:0, instance:com.selenium.suite.shoeshop.MonthlyShoeDisplaysTest@16c0663d]" name="testMontlyShoeDisplays" duration-ms="4695" started-at="2016-05-01T09:30:11Z" data-provider="getTestData" finished-at="2016-05-01T09:30:15Z">
          <params>
            <param index="0">
              <value>
                <![CDATA[September]]>
              </value>
            </param>
          </params>
          <reporter-output>
          </reporter-output>
        </test-method> <!-- testMontlyShoeDisplays -->
        <test-method status="PASS" signature="updateDataSetStatus()[pri:0, instance:com.selenium.suite.shoeshop.MonthlyShoeDisplaysTest@16c0663d]" name="updateDataSetStatus" is-config="true" duration-ms="119" started-at="2016-05-01T09:30:15Z" finished-at="2016-05-01T09:30:15Z">
          <reporter-output>
          </reporter-output>
        </test-method> <!-- updateDataSetStatus -->
        <test-method status="PASS" signature="testMontlyShoeDisplays(java.lang.String)[pri:0, instance:com.selenium.suite.shoeshop.MonthlyShoeDisplaysTest@16c0663d]" name="testMontlyShoeDisplays" duration-ms="4247" started-at="2016-05-01T09:30:15Z" data-provider="getTestData" finished-at="2016-05-01T09:30:20Z">
          <params>
            <param index="0">
              <value>
                <![CDATA[October]]>
              </value>
            </param>
          </params>
          <reporter-output>
          </reporter-output>
        </test-method> <!-- testMontlyShoeDisplays -->
        <test-method status="PASS" signature="updateDataSetStatus()[pri:0, instance:com.selenium.suite.shoeshop.MonthlyShoeDisplaysTest@16c0663d]" name="updateDataSetStatus" is-config="true" duration-ms="68" started-at="2016-05-01T09:30:20Z" finished-at="2016-05-01T09:30:20Z">
          <reporter-output>
          </reporter-output>
        </test-method> <!-- updateDataSetStatus -->
        <test-method status="FAIL" signature="testMontlyShoeDisplays(java.lang.String)[pri:0, instance:com.selenium.suite.shoeshop.MonthlyShoeDisplaysTest@16c0663d]" name="testMontlyShoeDisplays" duration-ms="4670" started-at="2016-05-01T09:30:20Z" data-provider="getTestData" finished-at="2016-05-01T09:30:24Z">
          <params>
            <param index="0">
              <value>
                <![CDATA[November]]>
              </value>
            </param>
          </params>
          <exception class="java.lang.AssertionError">
            <message>
              <![CDATA[Image src is null.No Image to display. expected [true] but found [false]]]>
            </message>
            <full-stacktrace>
              <![CDATA[java.lang.AssertionError: Image src is null.No Image to display. expected [true] but found [false]
	at org.testng.Assert.fail(Assert.java:94)
	at org.testng.Assert.failNotEquals(Assert.java:496)
	at org.testng.Assert.assertTrue(Assert.java:42)
	at com.selenium.suite.shoeshop.MonthlyShoeDisplaysTest.testMontlyShoeDisplays(MonthlyShoeDisplaysTest.java:146)
	at sun.reflect.NativeMethodAccessorImpl.invoke0(Native Method)
	at sun.reflect.NativeMethodAccessorImpl.invoke(NativeMethodAccessorImpl.java:62)
	at sun.reflect.DelegatingMethodAccessorImpl.invoke(DelegatingMethodAccessorImpl.java:43)
	at java.lang.reflect.Method.invoke(Method.java:497)
	at org.testng.internal.MethodInvocationHelper.invokeMethod(MethodInvocationHelper.java:85)
	at org.testng.internal.Invoker.invokeMethod(Invoker.java:639)
	at org.testng.internal.Invoker.invokeTestMethod(Invoker.java:816)
	at org.testng.internal.Invoker.invokeTestMethods(Invoker.java:1124)
	at org.testng.internal.TestMethodWorker.invokeTestMethods(TestMethodWorker.java:125)
	at org.testng.internal.TestMethodWorker.run(TestMethodWorker.java:108)
	at org.testng.TestRunner.privateRun(TestRunner.java:774)
	at org.testng.TestRunner.run(TestRunner.java:624)
	at org.testng.SuiteRunner.runTest(SuiteRunner.java:359)
	at org.testng.SuiteRunner.runSequentially(SuiteRunner.java:354)
	at org.testng.SuiteRunner.privateRun(SuiteRunner.java:312)
	at org.testng.SuiteRunner.run(SuiteRunner.java:261)
	at org.testng.SuiteRunnerWorker.runSuite(SuiteRunnerWorker.java:52)
	at org.testng.SuiteRunnerWorker.run(SuiteRunnerWorker.java:86)
	at org.testng.TestNG.runSuitesSequentially(TestNG.java:1215)
	at org.testng.TestNG.runSuitesSequentially(TestNG.java:1211)
	at org.testng.TestNG.runSuitesLocally(TestNG.java:1140)
	at org.testng.TestNG.run(TestNG.java:1048)
	at org.testng.TestNG.privateMain(TestNG.java:1355)
	at org.testng.TestNG.main(TestNG.java:1324)
]]>
            </full-stacktrace>
          </exception> <!-- java.lang.AssertionError -->
          <reporter-output>
          </reporter-output>
        </test-method> <!-- testMontlyShoeDisplays -->
        <test-method status="PASS" signature="updateDataSetStatus()[pri:0, instance:com.selenium.suite.shoeshop.MonthlyShoeDisplaysTest@16c0663d]" name="updateDataSetStatus" is-config="true" duration-ms="114" started-at="2016-05-01T09:30:24Z" finished-at="2016-05-01T09:30:24Z">
          <reporter-output>
          </reporter-output>
        </test-method> <!-- updateDataSetStatus -->
        <test-method status="PASS" signature="testMontlyShoeDisplays(java.lang.String)[pri:0, instance:com.selenium.suite.shoeshop.MonthlyShoeDisplaysTest@16c0663d]" name="testMontlyShoeDisplays" duration-ms="23678" started-at="2016-05-01T09:30:24Z" data-provider="getTestData" finished-at="2016-05-01T09:30:48Z">
          <params>
            <param index="0">
              <value>
                <![CDATA[December]]>
              </value>
            </param>
          </params>
          <reporter-output>
          </reporter-output>
        </test-method> <!-- testMontlyShoeDisplays -->
        <test-method status="PASS" signature="updateDataSetStatus()[pri:0, instance:com.selenium.suite.shoeshop.MonthlyShoeDisplaysTest@16c0663d]" name="updateDataSetStatus" is-config="true" duration-ms="171" started-at="2016-05-01T09:30:48Z" finished-at="2016-05-01T09:30:48Z">
          <reporter-output>
          </reporter-output>
        </test-method> <!-- updateDataSetStatus -->
        <test-method status="FAIL" signature="testMontlyShoeDisplays(java.lang.String)[pri:0, instance:com.selenium.suite.shoeshop.MonthlyShoeDisplaysTest@16c0663d]" name="testMontlyShoeDisplays" duration-ms="7161" started-at="2016-05-01T09:30:48Z" data-provider="getTestData" finished-at="2016-05-01T09:30:55Z">
          <params>
            <param index="0">
              <value>
                <![CDATA[All Shoes]]>
              </value>
            </param>
          </params>
          <exception class="java.lang.AssertionError">
            <message>
              <![CDATA[Image src is null.No Image to display. expected [true] but found [false]]]>
            </message>
            <full-stacktrace>
              <![CDATA[java.lang.AssertionError: Image src is null.No Image to display. expected [true] but found [false]
	at org.testng.Assert.fail(Assert.java:94)
	at org.testng.Assert.failNotEquals(Assert.java:496)
	at org.testng.Assert.assertTrue(Assert.java:42)
	at com.selenium.suite.shoeshop.MonthlyShoeDisplaysTest.testMontlyShoeDisplays(MonthlyShoeDisplaysTest.java:146)
	at sun.reflect.NativeMethodAccessorImpl.invoke0(Native Method)
	at sun.reflect.NativeMethodAccessorImpl.invoke(NativeMethodAccessorImpl.java:62)
	at sun.reflect.DelegatingMethodAccessorImpl.invoke(DelegatingMethodAccessorImpl.java:43)
	at java.lang.reflect.Method.invoke(Method.java:497)
	at org.testng.internal.MethodInvocationHelper.invokeMethod(MethodInvocationHelper.java:85)
	at org.testng.internal.Invoker.invokeMethod(Invoker.java:639)
	at org.testng.internal.Invoker.invokeTestMethod(Invoker.java:816)
	at org.testng.internal.Invoker.invokeTestMethods(Invoker.java:1124)
	at org.testng.internal.TestMethodWorker.invokeTestMethods(TestMethodWorker.java:125)
	at org.testng.internal.TestMethodWorker.run(TestMethodWorker.java:108)
	at org.testng.TestRunner.privateRun(TestRunner.java:774)
	at org.testng.TestRunner.run(TestRunner.java:624)
	at org.testng.SuiteRunner.runTest(SuiteRunner.java:359)
	at org.testng.SuiteRunner.runSequentially(SuiteRunner.java:354)
	at org.testng.SuiteRunner.privateRun(SuiteRunner.java:312)
	at org.testng.SuiteRunner.run(SuiteRunner.java:261)
	at org.testng.SuiteRunnerWorker.runSuite(SuiteRunnerWorker.java:52)
	at org.testng.SuiteRunnerWorker.run(SuiteRunnerWorker.java:86)
	at org.testng.TestNG.runSuitesSequentially(TestNG.java:1215)
	at org.testng.TestNG.runSuitesSequentially(TestNG.java:1211)
	at org.testng.TestNG.runSuitesLocally(TestNG.java:1140)
	at org.testng.TestNG.run(TestNG.java:1048)
	at org.testng.TestNG.privateMain(TestNG.java:1355)
	at org.testng.TestNG.main(TestNG.java:1324)
]]>
            </full-stacktrace>
          </exception> <!-- java.lang.AssertionError -->
          <reporter-output>
          </reporter-output>
        </test-method> <!-- testMontlyShoeDisplays -->
        <test-method status="PASS" signature="updateDataSetStatus()[pri:0, instance:com.selenium.suite.shoeshop.MonthlyShoeDisplaysTest@16c0663d]" name="updateDataSetStatus" is-config="true" duration-ms="39" started-at="2016-05-01T09:30:55Z" finished-at="2016-05-01T09:30:55Z">
          <reporter-output>
          </reporter-output>
        </test-method> <!-- updateDataSetStatus -->
        <test-method status="PASS" signature="updateTestStatus()[pri:0, instance:com.selenium.suite.shoeshop.MonthlyShoeDisplaysTest@16c0663d]" name="updateTestStatus" is-config="true" duration-ms="69" started-at="2016-05-01T09:30:55Z" finished-at="2016-05-01T09:30:56Z">
          <reporter-output>
          </reporter-output>
        </test-method> <!-- updateTestStatus -->
      </class> <!-- com.selenium.suite.shoeshop.MonthlyShoeDisplaysTest -->
    </test> <!-- MonthlyShoeDisplaysTest -->
  </suite> <!-- ShoeShop Suite -->
</testng-results>
